<?xml version="1.0" encoding="UTF-8"?>
<!-- Generated by org.testng.reporters.JUnitXMLReporter -->
<testsuite hostname="LAPTOP-7VQ11PQH" ignored="0" name="Test2" tests="5" failures="1" timestamp="2020-09-17T18:25:08 IST" time="44.636" errors="0">
  <testcase name="M2registerNew" time="8.325" classname="JukinMedia.Grails.registerPage"/>
  <testcase name="M2registerNew" time="9.697" classname="JukinMedia.Grails.registerPage">
    <failure type="java.lang.AssertionError" message="expected [Should be rejected] but found [It worked]">
      <![CDATA[java.lang.AssertionError: expected [Should be rejected] but found [It worked]
at JukinMedia.Grails.registerPage.M2registerNew(registerPage.java:47)
at java.util.ArrayList.forEach(Unknown Source)
... Removed 32 stack frames]]>
    </failure>
  </testcase> <!-- M2registerNew -->
  <testcase name="M2registerNew" time="9.424" classname="JukinMedia.Grails.registerPage"/>
  <testcase name="M2registerNew" time="7.974" classname="JukinMedia.Grails.registerPage"/>
  <testcase name="M2registerNew" time="8.492" classname="JukinMedia.Grails.registerPage"/>
</testsuite> <!-- Test2 -->
