<?xml version="1.0" encoding="UTF-8"?>
<!-- Generated by org.testng.reporters.JUnitXMLReporter -->
<testsuite hostname="LAPTOP-7VQ11PQH" ignored="0" name="Test3" tests="4" failures="2" timestamp="2020-09-17T18:25:41 IST" time="32.584" errors="0">
  <testcase name="fgtPwd1" time="3.55" classname="JukinMedia.Grails.forgotPassword"/>
  <testcase name="fgtPwd2" time="5.871" classname="JukinMedia.Grails.forgotPassword"/>
  <testcase name="fgtPwd2" time="8.685" classname="JukinMedia.Grails.forgotPassword">
    <failure type="java.lang.AssertionError" message="expected [] but found [Please enter a valid email]">
      <![CDATA[java.lang.AssertionError: expected [] but found [Please enter a valid email]
at JukinMedia.Grails.forgotPassword.fgtPwd2(forgotPassword.java:49)
at java.util.ArrayList.forEach(Unknown Source)
... Removed 32 stack frames]]>
    </failure>
  </testcase> <!-- fgtPwd2 -->
  <testcase name="navigatetoLogin" time="13.598" classname="JukinMedia.Grails.forgotPassword">
    <failure type="java.lang.AssertionError" message="expected [Login Page] but found [Registration]">
      <![CDATA[java.lang.AssertionError: expected [Login Page] but found [Registration]
at JukinMedia.Grails.forgotPassword.navigatetoLogin(forgotPassword.java:66)
at java.util.ArrayList.forEach(Unknown Source)
... Removed 32 stack frames]]>
    </failure>
  </testcase> <!-- navigatetoLogin -->
</testsuite> <!-- Test3 -->
