<?xml version="1.0" encoding="UTF-8"?>
<testng-results skipped="0" failed="1" ignored="0" total="4" passed="3">
  <reporter-output>
  </reporter-output>
  <suite name="Default suite" duration-ms="26724" started-at="2020-09-23T16:06:16 IST" finished-at="2020-09-23T16:06:42 IST">
    <groups>
    </groups>
    <test name="Default test" duration-ms="26724" started-at="2020-09-23T16:06:16 IST" finished-at="2020-09-23T16:06:42 IST">
      <class name="JukinMedia.Grails.forgotPassword">
        <test-method status="PASS" signature="fgtPwd1()[pri:0, instance:JukinMedia.Grails.forgotPassword@64729b1e]" name="fgtPwd1" duration-ms="4119" started-at="2020-09-23T16:06:16 IST" finished-at="2020-09-23T16:06:20 IST">
          <reporter-output>
          </reporter-output>
        </test-method> <!-- fgtPwd1 -->
        <test-method status="PASS" signature="browserclose()[pri:0, instance:JukinMedia.Grails.forgotPassword@64729b1e]" name="browserclose" is-config="true" duration-ms="86" started-at="2020-09-23T16:06:20 IST" finished-at="2020-09-23T16:06:20 IST">
          <reporter-output>
          </reporter-output>
        </test-method> <!-- browserclose -->
        <test-method status="PASS" signature="fgtPwd2(java.lang.String)[pri:0, instance:JukinMedia.Grails.forgotPassword@64729b1e]" name="fgtPwd2" duration-ms="5658" started-at="2020-09-23T16:06:20 IST" data-provider="getData" finished-at="2020-09-23T16:06:26 IST">
          <params>
            <param index="0">
              <value>
                <![CDATA[ekansh.2711@gmail.com]]>
              </value>
            </param>
          </params>
          <reporter-output>
          </reporter-output>
        </test-method> <!-- fgtPwd2 -->
        <test-method status="PASS" signature="browserclose()[pri:0, instance:JukinMedia.Grails.forgotPassword@64729b1e]" name="browserclose" is-config="true" duration-ms="70" started-at="2020-09-23T16:06:26 IST" finished-at="2020-09-23T16:06:26 IST">
          <reporter-output>
          </reporter-output>
        </test-method> <!-- browserclose -->
        <test-method status="PASS" signature="fgtPwd2(java.lang.String)[pri:0, instance:JukinMedia.Grails.forgotPassword@64729b1e]" name="fgtPwd2" duration-ms="5671" started-at="2020-09-23T16:06:26 IST" data-provider="getData" finished-at="2020-09-23T16:06:31 IST">
          <params>
            <param index="0">
              <value>
                <![CDATA[ekansh]]>
              </value>
            </param>
          </params>
          <reporter-output>
          </reporter-output>
        </test-method> <!-- fgtPwd2 -->
        <test-method status="PASS" signature="browserclose()[pri:0, instance:JukinMedia.Grails.forgotPassword@64729b1e]" name="browserclose" is-config="true" duration-ms="54" started-at="2020-09-23T16:06:31 IST" finished-at="2020-09-23T16:06:31 IST">
          <reporter-output>
          </reporter-output>
        </test-method> <!-- browserclose -->
        <test-method status="FAIL" signature="navigatetoLogin()[pri:0, instance:JukinMedia.Grails.forgotPassword@64729b1e]" name="navigatetoLogin" duration-ms="10954" started-at="2020-09-23T16:06:31 IST" finished-at="2020-09-23T16:06:42 IST">
          <exception class="java.lang.AssertionError">
            <message>
              <![CDATA[expected [Login Page] but found [Registration]]]>
            </message>
            <full-stacktrace>
              <![CDATA[java.lang.AssertionError: expected [Login Page] but found [Registration]
at org.testng.Assert.fail(Assert.java:97)
at org.testng.Assert.assertEqualsImpl(Assert.java:136)
at org.testng.Assert.assertEquals(Assert.java:118)
at org.testng.Assert.assertEquals(Assert.java:575)
at org.testng.Assert.assertEquals(Assert.java:585)
at JukinMedia.Grails.forgotPassword.navigatetoLogin(forgotPassword.java:67)
at sun.reflect.NativeMethodAccessorImpl.invoke0(Native Method)
at sun.reflect.NativeMethodAccessorImpl.invoke(Unknown Source)
at sun.reflect.DelegatingMethodAccessorImpl.invoke(Unknown Source)
at java.lang.reflect.Method.invoke(Unknown Source)
at org.testng.internal.MethodInvocationHelper.invokeMethod(MethodInvocationHelper.java:135)
at org.testng.internal.TestInvoker.invokeMethod(TestInvoker.java:598)
at org.testng.internal.TestInvoker.invokeTestMethod(TestInvoker.java:174)
at org.testng.internal.MethodRunner.runInSequence(MethodRunner.java:46)
at org.testng.internal.TestInvoker$MethodInvocationAgent.invoke(TestInvoker.java:821)
at org.testng.internal.TestInvoker.invokeTestMethods(TestInvoker.java:147)
at org.testng.internal.TestMethodWorker.invokeTestMethods(TestMethodWorker.java:146)
at org.testng.internal.TestMethodWorker.run(TestMethodWorker.java:128)
at java.util.ArrayList.forEach(Unknown Source)
at org.testng.TestRunner.privateRun(TestRunner.java:767)
at org.testng.TestRunner.run(TestRunner.java:588)
at org.testng.SuiteRunner.runTest(SuiteRunner.java:384)
at org.testng.SuiteRunner.runSequentially(SuiteRunner.java:378)
at org.testng.SuiteRunner.privateRun(SuiteRunner.java:337)
at org.testng.SuiteRunner.run(SuiteRunner.java:286)
at org.testng.SuiteRunnerWorker.runSuite(SuiteRunnerWorker.java:53)
at org.testng.SuiteRunnerWorker.run(SuiteRunnerWorker.java:96)
at org.testng.TestNG.runSuitesSequentially(TestNG.java:1214)
at org.testng.TestNG.runSuitesLocally(TestNG.java:1136)
at org.testng.TestNG.runSuites(TestNG.java:1066)
at org.testng.TestNG.run(TestNG.java:1034)
at org.testng.remote.AbstractRemoteTestNG.run(AbstractRemoteTestNG.java:115)
at org.testng.remote.RemoteTestNG.initAndRun(RemoteTestNG.java:251)
at org.testng.remote.RemoteTestNG.main(RemoteTestNG.java:77)
]]>
            </full-stacktrace>
          </exception> <!-- java.lang.AssertionError -->
          <reporter-output>
          </reporter-output>
        </test-method> <!-- navigatetoLogin -->
        <test-method status="PASS" signature="browserclose()[pri:0, instance:JukinMedia.Grails.forgotPassword@64729b1e]" name="browserclose" is-config="true" duration-ms="61" started-at="2020-09-23T16:06:42 IST" finished-at="2020-09-23T16:06:42 IST">
          <reporter-output>
          </reporter-output>
        </test-method> <!-- browserclose -->
      </class> <!-- JukinMedia.Grails.forgotPassword -->
    </test> <!-- Default test -->
  </suite> <!-- Default suite -->
</testng-results>
